<?xml version="1.0" encoding="UTF-8"?>
<!-- Generated by org.testng.reporters.JUnitReportReporter -->
<testsuite hostname="DESKTOP-AAB7PMU" failures="0" tests="1" name="test.VerifyShoppingCategoriesTest" time="17.765" errors="0" timestamp="2024-01-07T16:26:26 IST" skipped="0">
  <testcase classname="test.VerifyShoppingCategoriesTest" name="verifyIsDisplayEnterProductNameInSearch" time="17.765"/>
</testsuite> <!-- test.VerifyShoppingCategoriesTest -->
