<?xml version="1.0" encoding="UTF-8"?>
<!-- Generated by org.testng.reporters.JUnitReportReporter -->
<testsuite hostname="DESKTOP-AAB7PMU" failures="0" tests="1" name="test.AddToCart" time="12.529" errors="0" timestamp="2024-01-07T19:45:44 IST" skipped="0">
  <testcase classname="test.AddToCart" name="verifyIfUserIsAbleToAddToCartUsingProductDescription" time="12.529"/>
</testsuite> <!-- test.AddToCart -->
