<?xml version="1.0" encoding="UTF-8"?>
<!-- Generated by org.testng.reporters.JUnitReportReporter -->
<testsuite hostname="DESKTOP-AAB7PMU" failures="0" tests="1" name="test.AddToCart" time="7.644" errors="0" timestamp="2024-01-05T16:35:46 IST" skipped="0">
  <testcase classname="test.AddToCart" name="verifyUserIsAbleToRemoveProductFromCart" time="7.644"/>
</testsuite> <!-- test.AddToCart -->
