<?xml version="1.0" encoding="UTF-8"?>
<!-- Generated by org.testng.reporters.JUnitReportReporter -->
<testsuite hostname="DESKTOP-AAB7PMU" failures="0" tests="1" name="test.AddToCart" time="21.130" errors="0" timestamp="2024-01-07T16:20:43 IST" skipped="0">
  <testcase classname="test.AddToCart" name="verifyIfUserAbleToAddMultipleProductToCart" time="21.130"/>
</testsuite> <!-- test.AddToCart -->
