<?xml version="1.0" encoding="UTF-8"?>
<!-- Generated by org.testng.reporters.JUnitReportReporter -->
<testsuite hostname="DESKTOP-AAB7PMU" failures="0" tests="1" name="test.ProductSearchTest" time="22.857" errors="0" timestamp="2024-01-07T16:31:45 IST" skipped="0">
  <testcase classname="test.ProductSearchTest" name="verifyProductAreNotDisplayOnSearchValidSearch" time="22.857"/>
</testsuite> <!-- test.ProductSearchTest -->
